{"name":"timecheck","hostname":"Nicks-Air.PK5001Z","pid":44203,"level":30,"msg":"User requested time: 12:54:57","time":"2015-09-25T18:54:58.036Z","v":0}
{"name":"timecheck","hostname":"Nicks-Air.PK5001Z","pid":44813,"level":30,"msg":"User requested time: 13:42:59","time":"2015-09-25T19:43:00.128Z","v":0}
{"name":"timecheck","hostname":"Nicks-Air.PK5001Z","pid":44895,"level":30,"msg":"User requested time: 13:55:3","time":"2015-09-25T19:55:04.285Z","v":0}
{"name":"timecheck","hostname":"Nicks-MacBook-Air.local","pid":53314,"level":30,"msg":"User requested time: 9:29:9","time":"2015-09-28T15:29:10.078Z","v":0}
{"name":"timecheck","hostname":"Nicks-MacBook-Air.local","pid":53314,"level":30,"msg":"User requested time: 9:30:51","time":"2015-09-28T15:30:51.569Z","v":0}
{"name":"timecheck","hostname":"Nicks-MacBook-Air.local","pid":53340,"level":30,"msg":"User requested time: 9:31:11","time":"2015-09-28T15:31:12.415Z","v":0}
{"name":"timecheck","hostname":"Nicks-MacBook-Air.local","pid":53349,"level":30,"msg":"User requested time: 9:31:57","time":"2015-09-28T15:31:58.131Z","v":0}
{"name":"timecheck","hostname":"Nicks-MacBook-Air.local","pid":53367,"level":30,"msg":"User requested time: 9:33:9","time":"2015-09-28T15:33:10.264Z","v":0}
{"name":"timecheck","hostname":"Nicks-MacBook-Air.local","pid":53390,"level":30,"msg":"User requested time: 9:35:49","time":"2015-09-28T15:35:50.185Z","v":0}
{"name":"timecheck","hostname":"Nicks-MacBook-Air.local","pid":53434,"level":30,"msg":"User requested time: 9:41:30","time":"2015-09-28T15:41:31.663Z","v":0}
{"name":"timecheck","hostname":"Nicks-MacBook-Air.local","pid":53478,"level":30,"msg":"User requested time: 9:44:40","time":"2015-09-28T15:44:40.733Z","v":0}
{"name":"timecheck","hostname":"Nicks-MacBook-Air.local","pid":53533,"level":30,"msg":"User requested time: 9:52:59","time":"2015-09-28T15:53:00.252Z","v":0}
{"name":"timecheck","hostname":"Nicks-MacBook-Air.local","pid":53564,"level":30,"msg":"User requested time: 9:57:33","time":"2015-09-28T15:57:33.932Z","v":0}
{"name":"timecheck","hostname":"Nicks-MacBook-Air.local","pid":55426,"level":30,"msg":"User requested time: 10:56:34","time":"2015-09-28T16:56:35.160Z","v":0}
{"name":"timecheck","hostname":"Nicks-MacBook-Air.local","pid":55440,"level":30,"msg":"User requested time: 10:58:3","time":"2015-09-28T16:58:04.338Z","v":0}
{"name":"timecheck","hostname":"Nicks-MacBook-Air.local","pid":55454,"level":30,"msg":"User requested time: 10:59:30","time":"2015-09-28T16:59:31.457Z","v":0}
{"name":"timecheck","hostname":"Nicks-MacBook-Air.local","pid":55470,"level":30,"msg":"User requested time: 11:1:46","time":"2015-09-28T17:01:47.525Z","v":0}
{"name":"timecheck","hostname":"Nicks-MacBook-Air.local","pid":55470,"level":30,"msg":"User requested time: 11:2:35","time":"2015-09-28T17:02:35.941Z","v":0}
{"name":"timecheck","hostname":"Nicks-MacBook-Air.local","pid":55508,"level":30,"msg":"User requested time: 11:5:31","time":"2015-09-28T17:05:31.734Z","v":0}
{"name":"timecheck","hostname":"Nicks-MacBook-Air.local","pid":55672,"level":30,"msg":"User requested time: 11:16:20","time":"2015-09-28T17:16:21.182Z","v":0}
{"name":"timecheck","hostname":"Nicks-MacBook-Air.local","pid":55672,"level":30,"msg":"User requested time: 11:17:13","time":"2015-09-28T17:17:13.665Z","v":0}
{"name":"timecheck","hostname":"Nicks-MacBook-Air.local","pid":55689,"level":30,"msg":"User requested time: 11:18:7","time":"2015-09-28T17:18:08.216Z","v":0}
{"name":"timecheck","hostname":"Nicks-MacBook-Air.local","pid":55698,"level":30,"msg":"User requested time: 11:19:1","time":"2015-09-28T17:19:01.952Z","v":0}
{"name":"timecheck","hostname":"Nicks-MacBook-Air.local","pid":55708,"level":30,"msg":"User requested time: 11:20:5","time":"2015-09-28T17:20:06.127Z","v":0}
{"name":"timecheck","hostname":"Nicks-MacBook-Air.local","pid":55708,"level":30,"msg":"User requested time: 11:21:14","time":"2015-09-28T17:21:14.669Z","v":0}
{"name":"timecheck","hostname":"Nicks-MacBook-Air.local","pid":55733,"level":30,"msg":"User requested time: 11:22:43","time":"2015-09-28T17:22:44.258Z","v":0}
{"name":"timecheck","hostname":"Nicks-MacBook-Air.local","pid":55751,"level":30,"msg":"User requested time: 11:23:19","time":"2015-09-28T17:23:20.078Z","v":0}
{"name":"timecheck","hostname":"Nicks-MacBook-Air.local","pid":55751,"level":30,"msg":"User requested time: 11:23:32","time":"2015-09-28T17:23:32.266Z","v":0}
{"name":"timecheck","hostname":"Nicks-MacBook-Air.local","pid":55751,"level":30,"msg":"User requested time: 11:23:41","time":"2015-09-28T17:23:41.256Z","v":0}
{"name":"timecheck","hostname":"Nicks-MacBook-Air.local","pid":55792,"level":30,"msg":"User requested time: 11:26:36","time":"2015-09-28T17:26:37.194Z","v":0}
{"name":"timecheck","hostname":"Nicks-MacBook-Air.local","pid":55810,"level":30,"msg":"User requested time: 11:29:5","time":"2015-09-28T17:29:06.180Z","v":0}
{"name":"timecheck","hostname":"Nicks-MacBook-Air.local","pid":55822,"level":30,"msg":"User requested time: 11:31:57","time":"2015-09-28T17:31:58.058Z","v":0}
{"name":"timecheck","hostname":"Nicks-MacBook-Air.local","pid":55926,"level":30,"msg":"User requested time: 12:35:0","time":"2015-09-28T18:35:00.681Z","v":0}
{"name":"timecheck","hostname":"Nicks-MacBook-Air.local","pid":55926,"level":30,"msg":"User requested time: 12:35:33","time":"2015-09-28T18:35:33.199Z","v":0}
{"name":"timecheck","hostname":"Nicks-MacBook-Air.local","pid":55942,"level":30,"msg":"User requested time: 12:37:18","time":"2015-09-28T18:37:19.472Z","v":0}
{"name":"timecheck","hostname":"Nicks-MacBook-Air.local","pid":55956,"level":30,"msg":"User requested time: 12:38:51","time":"2015-09-28T18:38:52.386Z","v":0}
{"name":"timecheck","hostname":"Nicks-MacBook-Air.local","pid":55956,"level":30,"msg":"User requested time: 12:39:8","time":"2015-09-28T18:39:08.723Z","v":0}
{"name":"timecheck","hostname":"Nicks-MacBook-Air.local","pid":55963,"level":30,"msg":"User requested time: 12:39:29","time":"2015-09-28T18:39:30.420Z","v":0}
{"name":"timecheck","hostname":"Nicks-MacBook-Air.local","pid":55963,"level":30,"msg":"User requested time: 12:41:20","time":"2015-09-28T18:41:20.461Z","v":0}
{"name":"timecheck","hostname":"Davids-MacBook-Air.local","pid":19451,"level":30,"msg":"User requested time: 9:45:44","time":"2015-10-02T15:45:44.798Z","v":0}
{"name":"timecheck","hostname":"Davids-MacBook-Air.local","pid":19482,"level":30,"msg":"User requested time: 9:51:24","time":"2015-10-02T15:51:25.012Z","v":0}
{"name":"timecheck","hostname":"Davids-MacBook-Air.local","pid":19482,"level":30,"msg":"User requested time: 9:51:51","time":"2015-10-02T15:51:51.479Z","v":0}
{"name":"timecheck","hostname":"Davids-MacBook-Air.local","pid":19493,"level":30,"msg":"User requested time: 9:52:9","time":"2015-10-02T15:52:10.258Z","v":0}
{"name":"timecheck","hostname":"Davids-MacBook-Air.local","pid":19502,"level":30,"msg":"User requested time: 9:53:15","time":"2015-10-02T15:53:16.333Z","v":0}
{"name":"timecheck","hostname":"Davids-MacBook-Air.local","pid":19608,"level":30,"msg":"User requested time: 10:22:56","time":"2015-10-02T16:22:57.044Z","v":0}
{"name":"timecheck","hostname":"Davids-MacBook-Air.local","pid":19622,"level":30,"msg":"User requested time: 10:23:13","time":"2015-10-02T16:23:14.183Z","v":0}
{"name":"timecheck","hostname":"Davids-MacBook-Air.local","pid":19622,"level":30,"msg":"User requested time: 10:23:51","time":"2015-10-02T16:23:51.726Z","v":0}
{"name":"timecheck","hostname":"Davids-MacBook-Air.local","pid":19633,"level":30,"msg":"User requested time: 10:25:29","time":"2015-10-02T16:25:29.597Z","v":0}
{"name":"timecheck","hostname":"Davids-MacBook-Air.local","pid":19633,"level":30,"msg":"User requested time: 10:30:10","time":"2015-10-02T16:30:10.960Z","v":0}
{"name":"timecheck","hostname":"Davids-MacBook-Air.local","pid":19633,"level":30,"msg":"User requested time: 10:30:14","time":"2015-10-02T16:30:14.443Z","v":0}
{"name":"timecheck","hostname":"Davids-MacBook-Air.local","pid":19633,"level":30,"msg":"User requested time: 10:30:51","time":"2015-10-02T16:30:51.382Z","v":0}
{"name":"timecheck","hostname":"Davids-MacBook-Air.local","pid":19633,"level":30,"msg":"User requested time: 10:31:14","time":"2015-10-02T16:31:14.282Z","v":0}
{"name":"timecheck","hostname":"Davids-MacBook-Air.local","pid":19633,"level":30,"msg":"User requested time: 10:31:14","time":"2015-10-02T16:31:14.667Z","v":0}
{"name":"timecheck","hostname":"Davids-MacBook-Air.local","pid":19633,"level":30,"msg":"User requested time: 10:31:15","time":"2015-10-02T16:31:15.026Z","v":0}
{"name":"timecheck","hostname":"Davids-MacBook-Air.local","pid":19633,"level":30,"msg":"User requested time: 10:31:15","time":"2015-10-02T16:31:15.383Z","v":0}
{"name":"timecheck","hostname":"Davids-MacBook-Air.local","pid":19633,"level":30,"msg":"User requested time: 10:31:15","time":"2015-10-02T16:31:15.712Z","v":0}
{"name":"timecheck","hostname":"Davids-MacBook-Air.local","pid":19633,"level":30,"msg":"User requested time: 10:31:16","time":"2015-10-02T16:31:16.026Z","v":0}
{"name":"timecheck","hostname":"Davids-MacBook-Air.local","pid":19633,"level":30,"msg":"User requested time: 10:31:16","time":"2015-10-02T16:31:16.326Z","v":0}
{"name":"timecheck","hostname":"Davids-MacBook-Air.local","pid":19633,"level":30,"msg":"User requested time: 10:31:16","time":"2015-10-02T16:31:16.590Z","v":0}
{"name":"timecheck","hostname":"Davids-MacBook-Air.local","pid":19633,"level":30,"msg":"User requested time: 10:31:16","time":"2015-10-02T16:31:16.913Z","v":0}
{"name":"timecheck","hostname":"Davids-MacBook-Air.local","pid":19633,"level":30,"msg":"User requested time: 10:31:17","time":"2015-10-02T16:31:17.130Z","v":0}
{"name":"timecheck","hostname":"Davids-MacBook-Air.local","pid":19633,"level":30,"msg":"User requested time: 10:31:17","time":"2015-10-02T16:31:17.481Z","v":0}
{"name":"timecheck","hostname":"Davids-MacBook-Air.local","pid":19633,"level":30,"msg":"User requested time: 10:31:17","time":"2015-10-02T16:31:17.676Z","v":0}
{"name":"timecheck","hostname":"Davids-MacBook-Air.local","pid":19633,"level":30,"msg":"User requested time: 10:31:18","time":"2015-10-02T16:31:18.125Z","v":0}
{"name":"timecheck","hostname":"Davids-MacBook-Air.local","pid":19633,"level":30,"msg":"User requested time: 10:31:18","time":"2015-10-02T16:31:18.311Z","v":0}
{"name":"timecheck","hostname":"Davids-MacBook-Air.local","pid":19633,"level":30,"msg":"User requested time: 10:31:18","time":"2015-10-02T16:31:18.752Z","v":0}
{"name":"timecheck","hostname":"Davids-MacBook-Air.local","pid":19633,"level":30,"msg":"User requested time: 10:31:18","time":"2015-10-02T16:31:18.954Z","v":0}
{"name":"timecheck","hostname":"Davids-MacBook-Air.local","pid":19633,"level":30,"msg":"User requested time: 10:31:19","time":"2015-10-02T16:31:19.099Z","v":0}
{"name":"timecheck","hostname":"Davids-MacBook-Air.local","pid":19633,"level":30,"msg":"User requested time: 10:31:19","time":"2015-10-02T16:31:19.534Z","v":0}
{"name":"timecheck","hostname":"Davids-MacBook-Air.local","pid":19633,"level":30,"msg":"User requested time: 10:31:19","time":"2015-10-02T16:31:19.711Z","v":0}
{"name":"timecheck","hostname":"Davids-MacBook-Air.local","pid":19633,"level":30,"msg":"User requested time: 10:31:20","time":"2015-10-02T16:31:20.663Z","v":0}
{"name":"timecheck","hostname":"Davids-MacBook-Air-2.local","pid":27347,"level":30,"msg":"User requested time: 9:59:15","time":"2015-10-05T15:59:15.794Z","v":0}
{"name":"timecheck","hostname":"Davids-MacBook-Air-2.local","pid":27356,"level":30,"msg":"User requested time: 10:1:53","time":"2015-10-05T16:01:53.397Z","v":0}
{"name":"timecheck","hostname":"Davids-MacBook-Air-2.local","pid":27370,"level":30,"msg":"User requested time: 10:3:16","time":"2015-10-05T16:03:17.124Z","v":0}
{"name":"timecheck","hostname":"Davids-MacBook-Air-2.local","pid":27375,"level":30,"msg":"User requested time: 10:3:37","time":"2015-10-05T16:03:38.266Z","v":0}
{"name":"timecheck","hostname":"Davids-MacBook-Air-2.local","pid":27375,"level":30,"msg":"User requested time: 10:4:19","time":"2015-10-05T16:04:19.808Z","v":0}
{"name":"timecheck","hostname":"Davids-MacBook-Air-2.local","pid":27407,"level":30,"msg":"User requested time: 10:10:5","time":"2015-10-05T16:10:06.106Z","v":0}
{"name":"timecheck","hostname":"Davids-MacBook-Air-2.local","pid":27412,"level":30,"msg":"User requested time: 10:10:24","time":"2015-10-05T16:10:24.443Z","v":0}
{"name":"timecheck","hostname":"Davids-MacBook-Air-2.local","pid":27512,"level":30,"msg":"User requested time: 10:40:33","time":"2015-10-05T16:40:33.544Z","v":0}
{"name":"timecheck","hostname":"Davids-MacBook-Air-2.local","pid":27517,"level":30,"msg":"User requested time: 10:40:58","time":"2015-10-05T16:40:58.587Z","v":0}
{"name":"timecheck","hostname":"Davids-MacBook-Air-2.local","pid":27520,"level":30,"msg":"User requested time: 10:41:57","time":"2015-10-05T16:41:58.250Z","v":0}
{"name":"timecheck","hostname":"Davids-MacBook-Air-2.local","pid":27526,"level":30,"msg":"User requested time: 10:42:10","time":"2015-10-05T16:42:10.437Z","v":0}
{"name":"timecheck","hostname":"Davids-MacBook-Air-2.local","pid":27546,"level":30,"msg":"User requested time: 10:48:59","time":"2015-10-05T16:49:00.151Z","v":0}
{"name":"timecheck","hostname":"Davids-MacBook-Air-2.local","pid":27554,"level":30,"msg":"User requested time: 10:51:19","time":"2015-10-05T16:51:19.524Z","v":0}
{"name":"timecheck","hostname":"Davids-MacBook-Air-2.local","pid":27591,"level":30,"msg":"User requested time: 10:57:23","time":"2015-10-05T16:57:23.620Z","v":0}
{"name":"timecheck","hostname":"Davids-MacBook-Air-2.local","pid":27597,"level":30,"msg":"User requested time: 10:57:59","time":"2015-10-05T16:57:59.683Z","v":0}
{"name":"timecheck","hostname":"Davids-MacBook-Air-2.local","pid":27614,"level":30,"msg":"User requested time: 11:0:35","time":"2015-10-05T17:00:35.811Z","v":0}
{"name":"timecheck","hostname":"Davids-MacBook-Air-2.local","pid":27614,"level":30,"msg":"User requested time: 14:32:28","time":"2015-10-05T20:32:28.533Z","v":0}
{"name":"timecheck","hostname":"Davids-Air-2","pid":27653,"level":30,"msg":"User requested time: 14:33:2","time":"2015-10-05T20:33:02.680Z","v":0}
{"name":"timecheck","hostname":"Davids-Air-2","pid":27659,"level":30,"msg":"User requested time: 14:33:23","time":"2015-10-05T20:33:24.320Z","v":0}
{"name":"timecheck","hostname":"Davids-Air-2","pid":27663,"level":30,"msg":"User requested time: 14:33:41","time":"2015-10-05T20:33:41.459Z","v":0}
{"name":"timecheck","hostname":"Davids-Air-2","pid":27667,"level":30,"msg":"User requested time: 14:33:48","time":"2015-10-05T20:33:49.173Z","v":0}
{"name":"timecheck","hostname":"Davids-Air-2","pid":27683,"level":30,"msg":"User requested time: 14:37:18","time":"2015-10-05T20:37:19.185Z","v":0}
{"name":"timecheck","hostname":"Davids-Air-2","pid":27687,"level":30,"msg":"User requested time: 14:37:56","time":"2015-10-05T20:37:56.649Z","v":0}
{"name":"timecheck","hostname":"Davids-Air-2","pid":27692,"level":30,"msg":"User requested time: 14:38:52","time":"2015-10-05T20:38:53.250Z","v":0}
{"name":"timecheck","hostname":"Davids-Air-2","pid":27701,"level":30,"msg":"User requested time: 14:39:21","time":"2015-10-05T20:39:21.561Z","v":0}
{"name":"timecheck","hostname":"Davids-Air-2","pid":27893,"level":30,"msg":"User requested time: 14:47:58","time":"2015-10-05T20:47:59.263Z","v":0}
{"name":"timecheck","hostname":"Davids-Air-2","pid":27993,"level":30,"msg":"User requested time: 15:11:16","time":"2015-10-05T21:11:16.920Z","v":0}
{"name":"timecheck","hostname":"Davids-Air-2","pid":28032,"level":30,"msg":"User requested time: 15:24:33","time":"2015-10-05T21:24:33.414Z","v":0}
{"name":"timecheck","hostname":"Davids-Air-2","pid":28052,"level":30,"msg":"User requested time: 15:29:27","time":"2015-10-05T21:29:27.642Z","v":0}
{"name":"timecheck","hostname":"Davids-Air-2","pid":28059,"level":30,"msg":"User requested time: 15:30:7","time":"2015-10-05T21:30:07.942Z","v":0}
{"name":"timecheck","hostname":"Davids-Air-2","pid":28067,"level":30,"msg":"User requested time: 15:30:27","time":"2015-10-05T21:30:27.986Z","v":0}
{"name":"timecheck","hostname":"Davids-Air-2","pid":28082,"level":30,"msg":"User requested time: 15:35:40","time":"2015-10-05T21:35:41.827Z","v":0}
{"name":"timecheck","hostname":"Davids-Air-2","pid":28105,"level":30,"msg":"User requested time: 15:39:22","time":"2015-10-05T21:39:23.727Z","v":0}
{"name":"timecheck","hostname":"Davids-Air-2","pid":28105,"level":30,"msg":"User requested time: 15:40:3","time":"2015-10-05T21:40:03.637Z","v":0}
{"name":"timecheck","hostname":"Davids-Air-2","pid":28116,"level":30,"msg":"User requested time: 15:40:17","time":"2015-10-05T21:40:19.024Z","v":0}
{"name":"timecheck","hostname":"Davids-Air-2","pid":28116,"level":30,"msg":"User requested time: 15:41:13","time":"2015-10-05T21:41:13.940Z","v":0}
{"name":"timecheck","hostname":"Davids-Air-2","pid":28237,"level":30,"msg":"User requested time: 15:50:16","time":"2015-10-05T21:50:17.329Z","v":0}
{"name":"timecheck","hostname":"Davids-Air-2","pid":28702,"level":30,"msg":"User requested time: 16:17:18","time":"2015-10-05T22:17:18.530Z","v":0}
{"name":"timecheck","hostname":"Davids-Air-2","pid":28702,"level":30,"msg":"User requested time: 16:17:24","time":"2015-10-05T22:17:24.027Z","v":0}
{"name":"timecheck","hostname":"Davids-Air-2","pid":28726,"level":30,"msg":"User requested time: 16:20:39","time":"2015-10-05T22:20:40.245Z","v":0}
{"name":"timecheck","hostname":"Davids-Air-2","pid":28732,"level":30,"msg":"User requested time: 16:21:36","time":"2015-10-05T22:21:37.092Z","v":0}
